c:\users\jovan\onedrive\radna površina\silab\atp jk\atp_lista\atp_juol_pok\atp_jul\x64\debug\vc143.pdb
c:\users\jovan\onedrive\radna površina\silab\atp jk\atp_lista\atp_juol_pok\atp_jul\x64\debug\vc143.idb
c:\users\jovan\onedrive\radna površina\silab\atp jk\atp_lista\atp_juol_pok\atp_jul\x64\debug\juol_pok.obj
c:\users\jovan\onedrive\radna površina\silab\atp jk\atp_lista\atp_juol_pok\atp_jul\x64\debug\status.obj
c:\users\jovan\onedrive\radna površina\silab\atp jk\atp_lista\atp_juol_pok\x64\debug\atp_jul.exe
c:\users\jovan\onedrive\radna površina\silab\atp jk\atp_lista\atp_juol_pok\x64\debug\atp_jul.pdb
c:\users\jovan\onedrive\radna površina\silab\atp jk\atp_lista\atp_juol_pok\atp_jul\x64\debug\atp_jul.ilk
c:\users\jovan\onedrive\radna površina\silab\atp jk\atp_lista\atp_juol_pok\atp_jul\x64\debug\atp_jul.tlog\cl.command.1.tlog
c:\users\jovan\onedrive\radna površina\silab\atp jk\atp_lista\atp_juol_pok\atp_jul\x64\debug\atp_jul.tlog\cl.items.tlog
c:\users\jovan\onedrive\radna površina\silab\atp jk\atp_lista\atp_juol_pok\atp_jul\x64\debug\atp_jul.tlog\cl.read.1.tlog
c:\users\jovan\onedrive\radna površina\silab\atp jk\atp_lista\atp_juol_pok\atp_jul\x64\debug\atp_jul.tlog\cl.write.1.tlog
c:\users\jovan\onedrive\radna površina\silab\atp jk\atp_lista\atp_juol_pok\atp_jul\x64\debug\atp_jul.tlog\link-cvtres.read.1.tlog
c:\users\jovan\onedrive\radna površina\silab\atp jk\atp_lista\atp_juol_pok\atp_jul\x64\debug\atp_jul.tlog\link-cvtres.write.1.tlog
c:\users\jovan\onedrive\radna površina\silab\atp jk\atp_lista\atp_juol_pok\atp_jul\x64\debug\atp_jul.tlog\link-rc.read.1.tlog
c:\users\jovan\onedrive\radna površina\silab\atp jk\atp_lista\atp_juol_pok\atp_jul\x64\debug\atp_jul.tlog\link-rc.write.1.tlog
c:\users\jovan\onedrive\radna površina\silab\atp jk\atp_lista\atp_juol_pok\atp_jul\x64\debug\atp_jul.tlog\link.10292-cvtres.read.1.tlog
c:\users\jovan\onedrive\radna površina\silab\atp jk\atp_lista\atp_juol_pok\atp_jul\x64\debug\atp_jul.tlog\link.10292-cvtres.write.1.tlog
c:\users\jovan\onedrive\radna površina\silab\atp jk\atp_lista\atp_juol_pok\atp_jul\x64\debug\atp_jul.tlog\link.10292-rc.read.1.tlog
c:\users\jovan\onedrive\radna površina\silab\atp jk\atp_lista\atp_juol_pok\atp_jul\x64\debug\atp_jul.tlog\link.10292-rc.write.1.tlog
c:\users\jovan\onedrive\radna površina\silab\atp jk\atp_lista\atp_juol_pok\atp_jul\x64\debug\atp_jul.tlog\link.10292.read.1.tlog
c:\users\jovan\onedrive\radna površina\silab\atp jk\atp_lista\atp_juol_pok\atp_jul\x64\debug\atp_jul.tlog\link.10292.read.2.tlog
c:\users\jovan\onedrive\radna površina\silab\atp jk\atp_lista\atp_juol_pok\atp_jul\x64\debug\atp_jul.tlog\link.10292.write.1.tlog
c:\users\jovan\onedrive\radna površina\silab\atp jk\atp_lista\atp_juol_pok\atp_jul\x64\debug\atp_jul.tlog\link.command.1.tlog
c:\users\jovan\onedrive\radna površina\silab\atp jk\atp_lista\atp_juol_pok\atp_jul\x64\debug\atp_jul.tlog\link.read.1.tlog
c:\users\jovan\onedrive\radna površina\silab\atp jk\atp_lista\atp_juol_pok\atp_jul\x64\debug\atp_jul.tlog\link.read.2.tlog
c:\users\jovan\onedrive\radna površina\silab\atp jk\atp_lista\atp_juol_pok\atp_jul\x64\debug\atp_jul.tlog\link.secondary.1.tlog
c:\users\jovan\onedrive\radna površina\silab\atp jk\atp_lista\atp_juol_pok\atp_jul\x64\debug\atp_jul.tlog\link.write.1.tlog
