  juol_pok.c
C:\Users\jovan\OneDrive\Radna površina\SILAB\ATP JK\ATP_lista\lista.h(77,10): warning C4133: 'return': incompatible types - from 'const STRING' to 'const UTF8_STRING'
  (compiling source file 'juol_pok.c')
  
C:\Users\jovan\OneDrive\Radna površina\SILAB\ATP JK\ATP_lista\lista.h(78,10): warning C4133: 'return': incompatible types - from 'const STRING' to 'const UTF8_STRING'
  (compiling source file 'juol_pok.c')
  
C:\Users\jovan\OneDrive\Radna površina\SILAB\ATP JK\ATP_lista\lista.h(79,10): warning C4133: 'return': incompatible types - from 'const STRING' to 'const UTF8_STRING'
  (compiling source file 'juol_pok.c')
  
C:\Users\jovan\OneDrive\Radna površina\SILAB\ATP JK\ATP_lista\lista.h(80,10): warning C4133: 'return': incompatible types - from 'const STRING' to 'const UTF8_STRING'
  (compiling source file 'juol_pok.c')
  
C:\Users\jovan\OneDrive\Radna površina\SILAB\ATP JK\ATP_lista\lista.h(81,10): warning C4133: 'return': incompatible types - from 'const STRING' to 'const UTF8_STRING'
  (compiling source file 'juol_pok.c')
  
C:\Users\jovan\OneDrive\Radna površina\SILAB\ATP JK\ATP_lista\lista.h(84,11): warning C4133: 'return': incompatible types - from 'const STRING' to 'const UTF8_STRING'
  (compiling source file 'juol_pok.c')
  
C:\Users\jovan\OneDrive\Radna površina\SILAB\ATP JK\ATP_lista\lista.h(85,11): warning C4133: 'return': incompatible types - from 'const STRING' to 'const UTF8_STRING'
  (compiling source file 'juol_pok.c')
  
C:\Users\jovan\OneDrive\Radna površina\SILAB\ATP JK\ATP_lista\lista.h(86,11): warning C4133: 'return': incompatible types - from 'const STRING' to 'const UTF8_STRING'
  (compiling source file 'juol_pok.c')
  
C:\Users\jovan\OneDrive\Radna površina\SILAB\ATP JK\ATP_lista\lista.h(87,11): warning C4133: 'return': incompatible types - from 'const STRING' to 'const UTF8_STRING'
  (compiling source file 'juol_pok.c')
  
C:\Users\jovan\OneDrive\Radna površina\SILAB\ATP JK\ATP_lista\lista.h(90,11): warning C4133: 'return': incompatible types - from 'const STRING' to 'const UTF8_STRING'
  (compiling source file 'juol_pok.c')
  
C:\Users\jovan\OneDrive\Radna površina\SILAB\ATP JK\ATP_lista\lista.h(91,11): warning C4133: 'return': incompatible types - from 'const STRING' to 'const UTF8_STRING'
  (compiling source file 'juol_pok.c')
  
C:\Users\jovan\OneDrive\Radna površina\SILAB\ATP JK\ATP_lista\lista.h(92,11): warning C4133: 'return': incompatible types - from 'const STRING' to 'const UTF8_STRING'
  (compiling source file 'juol_pok.c')
  
C:\Users\jovan\OneDrive\Radna površina\SILAB\ATP JK\ATP_lista\lista.h(93,11): warning C4133: 'return': incompatible types - from 'const STRING' to 'const UTF8_STRING'
  (compiling source file 'juol_pok.c')
  
C:\Users\jovan\OneDrive\Radna površina\SILAB\ATP JK\ATP_lista\lista.h(94,11): warning C4133: 'return': incompatible types - from 'const STRING' to 'const UTF8_STRING'
  (compiling source file 'juol_pok.c')
  
C:\Users\jovan\OneDrive\Radna površina\SILAB\ATP JK\ATP_lista\lista.h(95,11): warning C4133: 'return': incompatible types - from 'const STRING' to 'const UTF8_STRING'
  (compiling source file 'juol_pok.c')
  
C:\Users\jovan\OneDrive\Radna površina\SILAB\ATP JK\ATP_lista\lista.h(96,11): warning C4133: 'return': incompatible types - from 'const STRING' to 'const UTF8_STRING'
  (compiling source file 'juol_pok.c')
  
C:\Users\jovan\OneDrive\Radna površina\SILAB\ATP JK\ATP_lista\lista.h(97,11): warning C4133: 'return': incompatible types - from 'const STRING' to 'const UTF8_STRING'
  (compiling source file 'juol_pok.c')
  
C:\Users\jovan\OneDrive\Radna površina\SILAB\ATP JK\ATP_lista\lista.h(98,11): warning C4133: 'return': incompatible types - from 'const STRING' to 'const UTF8_STRING'
  (compiling source file 'juol_pok.c')
  
C:\Users\jovan\OneDrive\Radna površina\SILAB\ATP JK\ATP_lista\lista.h(156,14): warning C4133: 'initializing': incompatible types - from 'unsigned short [28]' to 'STRING'
  (compiling source file 'juol_pok.c')
  
C:\Users\jovan\OneDrive\Radna površina\SILAB\ATP JK\ATP_lista\lista.h(157,13): warning C4133: 'initializing': incompatible types - from 'unsigned short [28]' to 'STRING'
  (compiling source file 'juol_pok.c')
  
C:\Users\jovan\OneDrive\Radna površina\SILAB\ATP JK\ATP_lista\lista.h(158,12): warning C4133: 'initializing': incompatible types - from 'unsigned short [37]' to 'STRING'
  (compiling source file 'juol_pok.c')
  
C:\Users\jovan\OneDrive\Radna površina\SILAB\ATP JK\ATP_lista\lista.h(159,23): warning C4133: 'initializing': incompatible types - from 'unsigned short [53]' to 'STRING'
  (compiling source file 'juol_pok.c')
  
C:\Users\jovan\OneDrive\Radna površina\SILAB\ATP JK\ATP_lista\lista.h(160,26): warning C4133: 'initializing': incompatible types - from 'unsigned short [30]' to 'STRING'
  (compiling source file 'juol_pok.c')
  
C:\Users\jovan\OneDrive\Radna površina\SILAB\ATP JK\ATP_lista\lista.h(163,15): warning C4133: 'initializing': incompatible types - from 'unsigned short [56]' to 'STRING'
  (compiling source file 'juol_pok.c')
  
C:\Users\jovan\OneDrive\Radna površina\SILAB\ATP JK\ATP_lista\lista.h(164,12): warning C4133: 'initializing': incompatible types - from 'unsigned short [75]' to 'STRING'
  (compiling source file 'juol_pok.c')
  
C:\Users\jovan\OneDrive\Radna površina\SILAB\ATP JK\ATP_lista\lista.h(165,13): warning C4133: 'initializing': incompatible types - from 'unsigned short [69]' to 'STRING'
  (compiling source file 'juol_pok.c')
  
C:\Users\jovan\OneDrive\Radna površina\SILAB\ATP JK\ATP_lista\lista.h(166,19): warning C4133: 'initializing': incompatible types - from 'unsigned short [52]' to 'STRING'
  (compiling source file 'juol_pok.c')
  
C:\Users\jovan\OneDrive\Radna površina\SILAB\ATP JK\ATP_lista\lista.h(169,14): warning C4133: 'initializing': incompatible types - from 'unsigned short [27]' to 'STRING'
  (compiling source file 'juol_pok.c')
  
C:\Users\jovan\OneDrive\Radna površina\SILAB\ATP JK\ATP_lista\lista.h(170,13): warning C4133: 'initializing': incompatible types - from 'unsigned short [27]' to 'STRING'
  (compiling source file 'juol_pok.c')
  
C:\Users\jovan\OneDrive\Radna površina\SILAB\ATP JK\ATP_lista\lista.h(171,12): warning C4133: 'initializing': incompatible types - from 'unsigned short [35]' to 'STRING'
  (compiling source file 'juol_pok.c')
  
C:\Users\jovan\OneDrive\Radna površina\SILAB\ATP JK\ATP_lista\lista.h(172,13): warning C4133: 'initializing': incompatible types - from 'unsigned short [53]' to 'STRING'
  (compiling source file 'juol_pok.c')
  
C:\Users\jovan\OneDrive\Radna površina\SILAB\ATP JK\ATP_lista\lista.h(173,22): warning C4133: 'initializing': incompatible types - from 'unsigned short [28]' to 'STRING'
  (compiling source file 'juol_pok.c')
  
C:\Users\jovan\OneDrive\Radna površina\SILAB\ATP JK\ATP_lista\lista.h(174,25): warning C4133: 'initializing': incompatible types - from 'unsigned short [31]' to 'STRING'
  (compiling source file 'juol_pok.c')
  
C:\Users\jovan\OneDrive\Radna površina\SILAB\ATP JK\ATP_lista\lista.h(175,19): warning C4133: 'initializing': incompatible types - from 'unsigned short [17]' to 'STRING'
  (compiling source file 'juol_pok.c')
  
C:\Users\jovan\OneDrive\Radna površina\SILAB\ATP JK\ATP_lista\lista.h(176,24): warning C4133: 'initializing': incompatible types - from 'unsigned short [19]' to 'STRING'
  (compiling source file 'juol_pok.c')
  
C:\Users\jovan\OneDrive\Radna površina\SILAB\ATP JK\ATP_lista\lista.h(177,15): warning C4133: 'initializing': incompatible types - from 'unsigned short [31]' to 'STRING'
  (compiling source file 'juol_pok.c')
  
C:\Users\jovan\OneDrive\Radna površina\SILAB\ATP JK\ATP_lista\ATP_JUOL_POK\ATP_JUL\juol_pok.c(206,15): warning C4047: 'function': 'LISTA *' differs in levels of indirection from 'LISTA'
C:\Users\jovan\OneDrive\Radna površina\SILAB\ATP JK\ATP_lista\ATP_JUOL_POK\ATP_JUL\juol_pok.c(206,15): warning C4024: 'bubble_sort': different types for formal and actual parameter 1
C:\Users\jovan\OneDrive\Radna površina\SILAB\ATP JK\ATP_lista\ATP_JUOL_POK\ATP_JUL\juol_pok.c(208,18): warning C4047: 'function': 'LISTA *' differs in levels of indirection from 'LISTA'
C:\Users\jovan\OneDrive\Radna površina\SILAB\ATP JK\ATP_lista\ATP_JUOL_POK\ATP_JUL\juol_pok.c(208,18): warning C4024: 'insertion_sort': different types for formal and actual parameter 1
C:\Users\jovan\OneDrive\Radna površina\SILAB\ATP JK\ATP_lista\ATP_JUOL_POK\ATP_JUL\juol_pok.c(210,18): warning C4047: 'function': 'LISTA *' differs in levels of indirection from 'LISTA'
C:\Users\jovan\OneDrive\Radna površina\SILAB\ATP JK\ATP_lista\ATP_JUOL_POK\ATP_JUL\juol_pok.c(210,18): warning C4024: 'selection_sort': different types for formal and actual parameter 1
C:\Users\jovan\OneDrive\Radna površina\SILAB\ATP JK\ATP_lista\ATP_JUOL_POK\ATP_JUL\juol_pok.c(257,24): warning C4028: formal parameter 1 different from declaration
C:\Users\jovan\OneDrive\Radna površina\SILAB\ATP JK\ATP_lista\ATP_JUOL_POK\ATP_JUL\juol_pok.c(278,27): warning C4028: formal parameter 1 different from declaration
C:\Users\jovan\OneDrive\Radna površina\SILAB\ATP JK\ATP_lista\ATP_JUOL_POK\ATP_JUL\juol_pok.c(313,27): warning C4028: formal parameter 1 different from declaration
  ATP_JUL.vcxproj -> C:\Users\jovan\OneDrive\Radna površina\SILAB\ATP JK\ATP_lista\ATP_JUOL_POK\x64\Debug\ATP_JUL.exe
